
    ○
    │╲
    │ ○
    ○ ░
    ░    gitleaks

Finding:     key = "[1;3;m-----BEGIN RSA PRIVATE KEY-----",[0m    
[1;3;m	cert = "-----BEGIN CERTIFICATE-----",[0m
[1;3;m	request = "-----BEGIN CERT...[0m        -",
Secret:      [1;3;m-----BEGIN RSA PRIVATE KEY-----",[0m    
[1;3;m	cert = "-----BEGIN CERTIFICATE-----",[0m
[1;3;m	request = "-----BEGIN CERT...[0m        
RuleID:      private-key
Entropy:     4.544084
File:        libs/luci-lib-px5g/lua/px5g/util.lua
Line:        17
Fingerprint: libs/luci-lib-px5g/lua/px5g/util.lua:private-key:17

Finding:     ...t char	key_beg[] = "[1;3;m-----BEGIN RSA PRIVATE KEY-----\n",[0m                      
[1;3;m                key_end[] = "-----END RSA PRIVATE KEY----[0m-\n";
Secret:      [1;3;m-----BEGIN RSA PRIVATE KEY-----\n",[0m                      
[1;3;m                key_end[] = "-----END RSA PRIVATE KEY----[0m
RuleID:      private-key
Entropy:     3.883090
File:        libs/luci-lib-px5g/src/library/x509write.c
Line:        466
Fingerprint: libs/luci-lib-px5g/src/library/x509write.c:private-key:466

Finding:     ...:     key = "[1;3;m[1;3;m-----BEGIN RSA PRIVATE KEY-----",[0m    [0m
[1;3;m[1;3;m	cert = "-----BEGIN CERTIFICATE-----",[0m[0m
[1;3;m[1;3;m	...[0m                                  [0m
Secret:      [1;3;m-----BEGIN RSA PRIVATE KEY-----",[0m    [0m
[1;3;m[1;3;m	cert = "-----BEGIN CERTIFICATE-----",[0m[0m
[1;3;m[1;3;m	...[0m                                  
RuleID:      private-key
Entropy:     4.912357
File:        security_audit/gitleaks_scan.log
Line:        8
Fingerprint: security_audit/gitleaks_scan.log:private-key:8

[90m10:34PM[0m [32mINF[0m scan completed in 11.1s
[90m10:34PM[0m [31mWRN[0m leaks found: 3
